<?xml version="1.0" encoding="UTF-8"?>
<!-- Generated by org.testng.reporters.JUnitXMLReporter -->
<testsuite hostname="ip-172-31-86-233" ignored="2" name="Test" tests="3" failures="0" timestamp="2021-10-25T07:28:38 UTC" time="0.064" errors="0">
  <testcase name="CCTest" time="0.005" classname="test.Testcase2"/>
  <testcase name="CreditCardTest" time="0.001" classname="test.Testcase2"/>
  <testcase name="CarLoanTest" time="0.0" classname="test.Testcase1"/>
  <testcase name="HomeLoanTest" time="0.0" classname="test.Testcase1">
    <ignored/>
  </testcase> <!-- HomeLoanTest -->
  <testcase name="HomeLoanTest1" time="0.0" classname="test.Testcase1">
    <ignored/>
  </testcase> <!-- HomeLoanTest1 -->
</testsuite> <!-- Test -->
