<?xml version="1.0" encoding="UTF-8"?>
<testng-results skipped="0" failed="0" ignored="0" total="2" passed="2">
  <reporter-output>
  </reporter-output>
  <suite name="Simplilearn" duration-ms="8862" started-at="2021-10-28T06:55:30 UTC" finished-at="2021-10-28T06:55:38 UTC">
    <groups>
    </groups>
    <test name="Test" duration-ms="8862" started-at="2021-10-28T06:55:30 UTC" finished-at="2021-10-28T06:55:38 UTC">
      <class name="test.LoginTest">
        <test-method status="PASS" signature="ReportSetup()[pri:0, instance:test.LoginTest@1a1d6a08]" name="ReportSetup" is-config="true" duration-ms="245" started-at="2021-10-28T06:55:30 UTC" finished-at="2021-10-28T06:55:30 UTC">
          <reporter-output>
          </reporter-output>
        </test-method> <!-- ReportSetup -->
        <test-method status="PASS" signature="setup()[pri:0, instance:test.LoginTest@1a1d6a08]" name="setup" is-config="true" duration-ms="2329" started-at="2021-10-28T06:55:30 UTC" finished-at="2021-10-28T06:55:32 UTC">
          <reporter-output>
          </reporter-output>
        </test-method> <!-- setup -->
        <test-method status="PASS" signature="NegativeLogin(java.lang.String,java.lang.String)[pri:0, instance:test.LoginTest@1a1d6a08]" name="NegativeLogin" duration-ms="2238" started-at="2021-10-28T06:55:32 UTC" finished-at="2021-10-28T06:55:34 UTC">
          <params>
            <param index="0">
              <value>
                <![CDATA[abc@xyz.com]]>
              </value>
            </param>
            <param index="1">
              <value>
                <![CDATA[Abc@123456]]>
              </value>
            </param>
          </params>
          <reporter-output>
          </reporter-output>
        </test-method> <!-- NegativeLogin -->
        <test-method status="PASS" signature="teardown()[pri:0, instance:test.LoginTest@1a1d6a08]" name="teardown" is-config="true" duration-ms="70" started-at="2021-10-28T06:55:34 UTC" finished-at="2021-10-28T06:55:34 UTC">
          <reporter-output>
          </reporter-output>
        </test-method> <!-- teardown -->
        <test-method status="PASS" signature="setup()[pri:0, instance:test.LoginTest@1a1d6a08]" name="setup" is-config="true" duration-ms="1329" started-at="2021-10-28T06:55:34 UTC" finished-at="2021-10-28T06:55:36 UTC">
          <reporter-output>
          </reporter-output>
        </test-method> <!-- setup -->
        <test-method status="PASS" signature="PositiveLogin(java.lang.String,java.lang.String)[pri:0, instance:test.LoginTest@1a1d6a08]" name="PositiveLogin" duration-ms="2249" started-at="2021-10-28T06:55:36 UTC" finished-at="2021-10-28T06:55:38 UTC">
          <params>
            <param index="0">
              <value>
                <![CDATA[abc@xyz.com]]>
              </value>
            </param>
            <param index="1">
              <value>
                <![CDATA[Abc@123456]]>
              </value>
            </param>
          </params>
          <reporter-output>
          </reporter-output>
        </test-method> <!-- PositiveLogin -->
        <test-method status="PASS" signature="teardown()[pri:0, instance:test.LoginTest@1a1d6a08]" name="teardown" is-config="true" duration-ms="90" started-at="2021-10-28T06:55:38 UTC" finished-at="2021-10-28T06:55:38 UTC">
          <reporter-output>
          </reporter-output>
        </test-method> <!-- teardown -->
        <test-method status="PASS" signature="ReportTearDown()[pri:0, instance:test.LoginTest@1a1d6a08]" name="ReportTearDown" is-config="true" duration-ms="279" started-at="2021-10-28T06:55:38 UTC" finished-at="2021-10-28T06:55:38 UTC">
          <reporter-output>
          </reporter-output>
        </test-method> <!-- ReportTearDown -->
      </class> <!-- test.LoginTest -->
    </test> <!-- Test -->
  </suite> <!-- Simplilearn -->
</testng-results>
